<?xml version="1.0" encoding="utf-8"?><testsuites name="pytest tests"><testsuite name="pytest" errors="0" failures="0" skipped="0" tests="11" time="3.132" timestamp="2026-03-07T09:12:30.108023+00:00" hostname="agent-env-61da98d1-a901-4fd3-93ef-cc79995aa5e2"><testcase classname="backend.tests.test_vfans_complete.TestAPIHealth" name="test_api_root" time="0.270" /><testcase classname="backend.tests.test_vfans_complete.TestLogin" name="test_login_success" time="0.351" /><testcase classname="backend.tests.test_vfans_complete.TestLogin" name="test_login_invalid_credentials" time="0.131" /><testcase classname="backend.tests.test_vfans_complete.TestOrganizations" name="test_get_organization" time="0.468" /><testcase classname="backend.tests.test_vfans_complete.TestCreators" name="test_get_creators" time="0.107" /><testcase classname="backend.tests.test_vfans_complete.TestLinkBySlug" name="test_get_link_by_slug" time="0.102" /><testcase classname="backend.tests.test_vfans_complete.TestLinkBySlug" name="test_link_slug_not_found" time="0.146" /><testcase classname="backend.tests.test_vfans_complete.TestCheckout" name="test_create_checkout_session" time="0.746" /><testcase classname="backend.tests.test_vfans_complete.TestWallet" name="test_get_wallet_summary" time="0.103" /><testcase classname="backend.tests.test_vfans_complete.TestPurchaseVerification" name="test_verify_invalid_session" time="0.148" /><testcase classname="backend.tests.test_vfans_complete.TestCreateLinksFlow" name="test_create_and_delete_link" time="0.491" /></testsuite></testsuites>