<?xml version="1.0" encoding="utf-8"?><testsuites name="pytest tests"><testsuite name="pytest" errors="0" failures="0" skipped="0" tests="10" time="2.260" timestamp="2026-03-07T10:07:33.318462+00:00" hostname="agent-env-61da98d1-a901-4fd3-93ef-cc79995aa5e2"><testcase classname="backend.tests.test_vfans_multi_upload.TestUploadEndpoint" name="test_upload_image_with_form_params" time="0.700" /><testcase classname="backend.tests.test_vfans_multi_upload.TestUploadEndpoint" name="test_upload_without_creator_id" time="0.103" /><testcase classname="backend.tests.test_vfans_multi_upload.TestUploadEndpoint" name="test_upload_default_blur_level" time="0.104" /><testcase classname="backend.tests.test_vfans_multi_upload.TestUploadEndpoint" name="test_upload_unsupported_file_type" time="0.093" /><testcase classname="backend.tests.test_vfans_multi_upload.TestLinkFilesArray" name="test_get_link_with_files_array" time="0.113" /><testcase classname="backend.tests.test_vfans_multi_upload.TestLinkFilesArray" name="test_create_link_with_files_array" time="0.322" /><testcase classname="backend.tests.test_vfans_multi_upload.TestStaticFileServing" name="test_preview_image_accessible" time="0.203" /><testcase classname="backend.tests.test_vfans_multi_upload.TestStaticFileServing" name="test_original_file_accessible" time="0.210" /><testcase classname="backend.tests.test_vfans_multi_upload.TestStaticFileServing" name="test_files_array_urls_accessible" time="0.211" /><testcase classname="backend.tests.test_vfans_multi_upload.TestCreatorLinksEndpoint" name="test_get_creator_links_includes_files" time="0.112" /></testsuite></testsuites>