<?xml version="1.0" encoding="utf-8"?><testsuites name="pytest tests"><testsuite name="pytest" errors="0" failures="0" skipped="0" tests="16" time="3.440" timestamp="2026-03-07T11:50:46.216251+00:00" hostname="agent-env-61da98d1-a901-4fd3-93ef-cc79995aa5e2"><testcase classname="backend.tests.test_creator_endpoints_p3.TestCreatorStats" name="test_stats_endpoint_returns_200" time="0.763" /><testcase classname="backend.tests.test_creator_endpoints_p3.TestCreatorStats" name="test_stats_structure_complete" time="0.134" /><testcase classname="backend.tests.test_creator_endpoints_p3.TestCreatorStats" name="test_stats_unauthorized_without_token" time="0.114" /><testcase classname="backend.tests.test_creator_endpoints_p3.TestCreatorStats" name="test_stats_creator_not_found" time="0.104" /><testcase classname="backend.tests.test_creator_endpoints_p3.TestCreatorAnalytics" name="test_analytics_endpoint_returns_200" time="0.115" /><testcase classname="backend.tests.test_creator_endpoints_p3.TestCreatorAnalytics" name="test_analytics_structure_complete" time="0.101" /><testcase classname="backend.tests.test_creator_endpoints_p3.TestCreatorAnalytics" name="test_analytics_top_links_structure" time="0.094" /><testcase classname="backend.tests.test_creator_endpoints_p3.TestCreatorAnalytics" name="test_analytics_top_customers_structure" time="0.099" /><testcase classname="backend.tests.test_creator_endpoints_p3.TestCreatorCustomers" name="test_customers_endpoint_returns_200" time="0.113" /><testcase classname="backend.tests.test_creator_endpoints_p3.TestCreatorCustomers" name="test_customers_returns_list" time="0.103" /><testcase classname="backend.tests.test_creator_endpoints_p3.TestCreatorCustomers" name="test_customers_structure" time="0.111" /><testcase classname="backend.tests.test_creator_endpoints_p3.TestCreatorTransactions" name="test_transactions_endpoint_returns_200" time="0.101" /><testcase classname="backend.tests.test_creator_endpoints_p3.TestCreatorTransactions" name="test_transactions_returns_list" time="0.116" /><testcase classname="backend.tests.test_creator_endpoints_p3.TestCreatorTransactions" name="test_transactions_structure" time="0.104" /><testcase classname="backend.tests.test_creator_endpoints_p3.TestStripeCheckoutEmptyDescription" name="test_checkout_with_null_description" time="0.747" /><testcase classname="backend.tests.test_creator_endpoints_p3.TestAuthorizationBoundaries" name="test_cannot_access_nonexistent_creator" time="0.416" /></testsuite></testsuites>